<?xml version="1.0" encoding="UTF-8"?>
<!-- Generated by org.testng.reporters.JUnitReportReporter -->
<testsuite hostname="Advik_Svara" failures="0" tests="1" name="testng.sample1_TestNG" time="9.800" errors="0" timestamp="2023-06-19T13:41:15 IST" skipped="0">
  <testcase classname="testng.sample1_TestNG" name="m1" time="9.800"/>
  <system-out/>
</testsuite> <!-- testng.sample1_TestNG -->
