<?xml version="1.0" encoding="UTF-8"?>
<!-- Generated by org.testng.reporters.JUnitReportReporter -->
<testsuite hostname="Advik_Svara" failures="0" tests="1" name="testng.example_parallel" time="15.756" errors="0" timestamp="2023-06-16T14:03:44 IST" skipped="0">
  <testcase classname="testng.example_parallel" name="m1" time="15.756"/>
  <system-out/>
</testsuite> <!-- testng.example_parallel -->
