<?xml version="1.0" encoding="UTF-8"?>
<!-- Generated by org.testng.reporters.JUnitReportReporter -->
<testsuite hostname="Advik_Svara" failures="0" tests="2" name="testng.sample_priority" time="0.015" errors="0" timestamp="2023-06-19T22:36:02 IST" skipped="0">
  <testcase classname="testng.sample_priority" name="TC2" time="0.015"/>
  <system-out>
    <![CDATA[---Test Case TC2---]]>
  </system-out>
  <testcase classname="testng.sample_priority" name="TC1" time="0.000"/>
  <system-out>
    <![CDATA[---Test case TC1---]]>
  </system-out>
</testsuite> <!-- testng.sample_priority -->
