<?xml version="1.0" encoding="UTF-8"?>
<!-- Generated by org.testng.reporters.JUnitReportReporter -->
<testsuite hostname="Advik_Svara" failures="0" tests="2" name="testng.example_beforclass" time="0.009" errors="0" timestamp="2023-06-16T13:37:00 IST" skipped="0">
  <testcase classname="testng.example_beforclass" name="m1" time="0.007"/>
  <system-out>
    <![CDATA[test m1 case pass]]>
  </system-out>
  <testcase classname="testng.example_beforclass" name="m4" time="0.002"/>
  <system-out>
    <![CDATA[test m4 case pass]]>
  </system-out>
</testsuite> <!-- testng.example_beforclass -->
