<?xml version="1.0" encoding="UTF-8"?>
<!-- Generated by org.testng.reporters.JUnitReportReporter -->
<testsuite hostname="Advik_Svara" failures="0" tests="1" name="Pom_DDF_TestNG_utility_base.pbTest2_pom_TestNG" time="13.940" errors="0" timestamp="2023-06-20T23:16:08 IST" skipped="0">
  <testcase classname="Pom_DDF_TestNG_utility_base.pbTest2_pom_TestNG" name="pbFullName" time="13.940"/>
  <system-out/>
</testsuite> <!-- Pom_DDF_TestNG_utility_base.pbTest2_pom_TestNG -->
