<?xml version="1.0" encoding="UTF-8"?>
<!-- Generated by org.testng.reporters.JUnitReportReporter -->
<testsuite hostname="Advik_Svara" failures="0" tests="7" name="testng.sample1_keywords" time="0.015" errors="0" timestamp="2023-06-19T16:02:21 IST" skipped="1">
  <testcase classname="testng.sample1_keywords" name="tc3" time="0.001"/>
  <system-out>
    <![CDATA[---test case tc3----]]>
  </system-out>
  <testcase classname="testng.sample1_keywords" name="tc1" time="0.001"/>
  <system-out>
    <![CDATA[---test case tc1----]]>
  </system-out>
  <testcase classname="testng.sample1_keywords" name="tc1" time="0.001"/>
  <system-out>
    <![CDATA[---test case tc1----]]>
  </system-out>
  <testcase classname="testng.sample1_keywords" name="tc1" time="0.001"/>
  <system-out>
    <![CDATA[---test case tc1----]]>
  </system-out>
  <testcase classname="testng.sample1_keywords" name="tc1" time="0.001"/>
  <system-out>
    <![CDATA[---test case tc1----]]>
  </system-out>
  <testcase classname="testng.sample1_keywords" name="tc1" time="0.010"/>
  <system-out>
    <![CDATA[---test case tc1----]]>
  </system-out>
  <testcase classname="testng.sample1_keywords" name="tc2">
    <skipped/>
  </testcase> <!-- tc2 -->
  <system-out/>
</testsuite> <!-- testng.sample1_keywords -->
