<?xml version="1.0" encoding="UTF-8"?>
<!-- Generated by org.testng.reporters.JUnitReportReporter -->
<testsuite hostname="Advik_Svara" failures="0" tests="1" name="Pom_DDF_TestNG.pbtest1_pom_TeSt_NG" time="15.976" errors="0" timestamp="2023-06-20T10:59:32 IST" skipped="0">
  <testcase classname="Pom_DDF_TestNG.pbtest1_pom_TeSt_NG" name="pbFullName" time="15.976"/>
  <system-out/>
</testsuite> <!-- Pom_DDF_TestNG.pbtest1_pom_TeSt_NG -->
