<?xml version="1.0" encoding="UTF-8"?>
<!-- Generated by org.testng.reporters.JUnitReportReporter -->
<testsuite hostname="Advik_Svara" failures="0" tests="3" name="testng.example_paralleltest2" time="0.006" errors="0" timestamp="2023-06-16T14:35:34 IST" skipped="0">
  <testcase classname="testng.example_paralleltest2" name="m5" time="0.002"/>
  <system-out>
    <![CDATA[test case m5 pass]]>
  </system-out>
  <testcase classname="testng.example_paralleltest2" name="m4" time="0.002"/>
  <system-out>
    <![CDATA[test case m4 pass]]>
  </system-out>
  <testcase classname="testng.example_paralleltest2" name="m6" time="0.002"/>
  <system-out>
    <![CDATA[test case m6 pass]]>
  </system-out>
</testsuite> <!-- testng.example_paralleltest2 -->
