<?xml version="1.0" encoding="UTF-8"?>
<!-- Generated by org.testng.reporters.JUnitReportReporter -->
<testsuite hostname="Advik_Svara" failures="0" tests="1" name="testng.example_parraleltest1" time="0.025" errors="0" timestamp="2023-06-16T14:35:34 IST" skipped="0">
  <testcase classname="testng.example_parraleltest1" name="m1" time="0.025"/>
  <system-out>
    <![CDATA[test case m1 pass]]>
  </system-out>
</testsuite> <!-- testng.example_parraleltest1 -->
