<?xml version="1.0" encoding="UTF-8"?>
<!-- Generated by org.testng.reporters.JUnitReportReporter -->
<testsuite hostname="Advik_Svara" failures="0" tests="1" name="testng.example6" time="0.001" errors="0" timestamp="2023-06-16T13:37:00 IST" skipped="0">
  <testcase classname="testng.example6" name="m3" time="0.001"/>
  <system-out>
    <![CDATA[m3 test case pass]]>
  </system-out>
</testsuite> <!-- testng.example6 -->
