<?xml version="1.0" encoding="UTF-8"?>
<!-- Generated by org.testng.reporters.JUnitReportReporter -->
<testsuite hostname="Advik_Svara" failures="0" tests="2" name="testng.example5" time="0.001" errors="0" timestamp="2023-06-16T13:37:00 IST" skipped="0">
  <testcase classname="testng.example5" name="m2" time="0.001"/>
  <system-out/>
  <testcase classname="testng.example5" name="m1" time="0.000"/>
  <system-out/>
</testsuite> <!-- testng.example5 -->
