<?xml version="1.0" encoding="UTF-8"?>
<!-- Generated by org.testng.reporters.JUnitReportReporter -->
<testsuite hostname="Advik_Svara" failures="0" tests="3" name="testng.example2" time="0.003" errors="0" timestamp="2023-06-16T13:36:56 IST" skipped="0">
  <testcase classname="testng.example2" name="m1" time="0.001"/>
  <system-out/>
  <testcase classname="testng.example2" name="m2" time="0.001"/>
  <system-out/>
  <testcase classname="testng.example2" name="m3" time="0.001"/>
  <system-out/>
</testsuite> <!-- testng.example2 -->
