<?xml version="1.0" encoding="UTF-8"?>
<!-- Generated by org.testng.reporters.JUnitReportReporter -->
<testsuite hostname="Advik_Svara" failures="0" tests="1" name="testng.example_groups3" time="13.662" errors="0" timestamp="2023-06-16T14:30:45 IST" skipped="0">
  <testcase classname="testng.example_groups3" name="m1" time="13.662"/>
  <system-out/>
</testsuite> <!-- testng.example_groups3 -->
