<?xml version="1.0" encoding="UTF-8"?>
<!-- Generated by org.testng.reporters.JUnitReportReporter -->
<testsuite hostname="Advik_Svara" failures="0" tests="4" name="testng.Example_groups1" time="0.002" errors="0" timestamp="2023-06-16T13:37:00 IST" skipped="0">
  <testcase classname="testng.Example_groups1" name="m1" time="0.001"/>
  <system-out>
    <![CDATA[test case m1 pass]]>
  </system-out>
  <testcase classname="testng.Example_groups1" name="m2" time="0.000"/>
  <system-out>
    <![CDATA[test case m2 pass]]>
  </system-out>
  <testcase classname="testng.Example_groups1" name="m3" time="0.001"/>
  <system-out>
    <![CDATA[test case m3 pass]]>
  </system-out>
  <testcase classname="testng.Example_groups1" name="m4" time="0.000"/>
  <system-out>
    <![CDATA[test case m4 pass]]>
  </system-out>
</testsuite> <!-- testng.Example_groups1 -->
