<?xml version="1.0" encoding="UTF-8"?>
<!-- Generated by org.testng.reporters.JUnitReportReporter -->
<testsuite hostname="Advik_Svara" failures="0" tests="2" name="testng.example_groups" time="0.009" errors="0" timestamp="2023-06-16T13:42:20 IST" skipped="0">
  <testcase classname="testng.example_groups" name="m3" time="0.002"/>
  <system-out>
    <![CDATA[test case m3 pass]]>
  </system-out>
  <testcase classname="testng.example_groups" name="m2" time="0.007"/>
  <system-out>
    <![CDATA[test case m2 pass]]>
  </system-out>
</testsuite> <!-- testng.example_groups -->
